Flow report for LabAssignment1
Wed Jul 21 14:42:43 2021
Quartus Prime Version 19.1.0 Build 670 09/22/2019 SJ Lite Edition


---------------------
; Table of Contents ;
---------------------
  1. Legal Notice
  2. Flow Summary
  3. Flow Settings
  4. Flow Non-Default Global Settings
  5. Flow Elapsed Time
  6. Flow OS Summary
  7. Flow Log
  8. Flow Messages
  9. Flow Suppressed Messages



----------------
; Legal Notice ;
----------------
Copyright (C) 2019  Intel Corporation. All rights reserved.
Your use of Intel Corporation's design tools, logic functions 
and other software and tools, and any partner logic 
functions, and any output files from any of the foregoing 
(including device programming or simulation files), and any 
associated documentation or information are expressly subject 
to the terms and conditions of the Intel Program License 
Subscription Agreement, the Intel Quartus Prime License Agreement,
the Intel FPGA IP License Agreement, or other applicable license
agreement, including, without limitation, that your use is for
the sole purpose of programming logic devices manufactured by
Intel and sold by Intel or its authorized distributors.  Please
refer to the applicable agreement for further details, at
https://fpgasoftware.intel.com/eula.



+-------------------------------------------------------------------------------------------+
; Flow Summary                                                                              ;
+------------------------------------+------------------------------------------------------+
; Flow Status                        ; EDA Netlist Writer Failed - Wed Jul 21 14:42:43 2021 ;
; Quartus Prime Version              ; 19.1.0 Build 670 09/22/2019 SJ Lite Edition          ;
; Revision Name                      ; LabAssignment1                                       ;
; Top-level Entity Name              ; light                                                ;
; Family                             ; MAX 10                                               ;
; Device                             ; 10M50DAF484C7G                                       ;
; Timing Models                      ; Final                                                ;
; Total logic elements               ; 2 / 49,760 ( < 1 % )                                 ;
;     Total combinational functions  ; 2 / 49,760 ( < 1 % )                                 ;
;     Dedicated logic registers      ; 0 / 49,760 ( 0 % )                                   ;
; Total registers                    ; 0                                                    ;
; Total pins                         ; 3 / 360 ( < 1 % )                                    ;
; Total virtual pins                 ; 0                                                    ;
; Total memory bits                  ; 0 / 1,677,312 ( 0 % )                                ;
; Embedded Multiplier 9-bit elements ; 0 / 288 ( 0 % )                                      ;
; Total PLLs                         ; 0 / 4 ( 0 % )                                        ;
; UFM blocks                         ; 0 / 1 ( 0 % )                                        ;
; ADC blocks                         ; 0 / 2 ( 0 % )                                        ;
+------------------------------------+------------------------------------------------------+


+-----------------------------------------+
; Flow Settings                           ;
+-------------------+---------------------+
; Option            ; Setting             ;
+-------------------+---------------------+
; Start date & time ; 07/14/2021 15:02:37 ;
; Main task         ; Compilation         ;
; Revision Name     ; LabAssignment1      ;
+-------------------+---------------------+


+--------------------------------------------------------------------------------------------------------------------------+
; Flow Non-Default Global Settings                                                                                         ;
+-------------------------------------+----------------------------------------+----------------+-------------+------------+
; Assignment Name                     ; Value                                  ; Default Value  ; Entity Name ; Section Id ;
+-------------------------------------+----------------------------------------+----------------+-------------+------------+
; COMPILER_SIGNATURE_ID               ; 264018877196514.162628935706324        ; --             ; --          ; --         ;
; MAX_CORE_JUNCTION_TEMP              ; 85                                     ; --             ; --          ; --         ;
; MIN_CORE_JUNCTION_TEMP              ; 0                                      ; --             ; --          ; --         ;
; PARTITION_COLOR                     ; -- (Not supported for targeted family) ; --             ; DE10_Lite   ; Top        ;
; PARTITION_COLOR                     ; -- (Not supported for targeted family) ; --             ; light       ; Top        ;
; PARTITION_FITTER_PRESERVATION_LEVEL ; -- (Not supported for targeted family) ; --             ; DE10_Lite   ; Top        ;
; PARTITION_FITTER_PRESERVATION_LEVEL ; -- (Not supported for targeted family) ; --             ; light       ; Top        ;
; PARTITION_NETLIST_TYPE              ; -- (Not supported for targeted family) ; --             ; DE10_Lite   ; Top        ;
; PARTITION_NETLIST_TYPE              ; -- (Not supported for targeted family) ; --             ; light       ; Top        ;
; POWER_BOARD_THERMAL_MODEL           ; None (CONSERVATIVE)                    ; --             ; --          ; --         ;
; POWER_PRESET_COOLING_SOLUTION       ; 23 MM HEAT SINK WITH 200 LFPM AIRFLOW  ; --             ; --          ; --         ;
; PROJECT_OUTPUT_DIRECTORY            ; output_files                           ; --             ; --          ; --         ;
; TOP_LEVEL_ENTITY                    ; light                                  ; LabAssignment1 ; --          ; --         ;
+-------------------------------------+----------------------------------------+----------------+-------------+------------+


+--------------------------------------------------------------------------------------------------------------------------+
; Flow Elapsed Time                                                                                                        ;
+----------------------+--------------+-------------------------+---------------------+------------------------------------+
; Module Name          ; Elapsed Time ; Average Processors Used ; Peak Virtual Memory ; Total CPU Time (on all processors) ;
+----------------------+--------------+-------------------------+---------------------+------------------------------------+
; Analysis & Synthesis ; 00:00:16     ; 1.0                     ; 4726 MB             ; 00:00:36                           ;
; Fitter               ; 00:00:09     ; 1.0                     ; 5374 MB             ; 00:00:12                           ;
; Assembler            ; 00:00:04     ; 1.0                     ; 4690 MB             ; 00:00:04                           ;
; Timing Analyzer      ; 00:00:03     ; 1.0                     ; 4801 MB             ; 00:00:03                           ;
; EDA Netlist Writer   ; 00:00:01     ; 1.0                     ; 4630 MB             ; 00:00:01                           ;
; EDA Netlist Writer   ; 00:00:00     ; 1.0                     ; 4643 MB             ; 00:00:01                           ;
; EDA Netlist Writer   ; 00:00:00     ; 1.0                     ; 4630 MB             ; 00:00:01                           ;
; EDA Netlist Writer   ; 00:00:01     ; 1.0                     ; 4649 MB             ; 00:00:01                           ;
; EDA Netlist Writer   ; 00:00:01     ; 1.0                     ; 4630 MB             ; 00:00:01                           ;
; Total                ; 00:00:35     ; --                      ; --                  ; 00:01:00                           ;
+----------------------+--------------+-------------------------+---------------------+------------------------------------+


+------------------------------------------------------------------------------------+
; Flow OS Summary                                                                    ;
+----------------------+------------------+------------+------------+----------------+
; Module Name          ; Machine Hostname ; OS Name    ; OS Version ; Processor type ;
+----------------------+------------------+------------+------------+----------------+
; Analysis & Synthesis ; DESKTOP-41TP32S  ; Windows 10 ; 10.0       ; x86_64         ;
; Fitter               ; DESKTOP-41TP32S  ; Windows 10 ; 10.0       ; x86_64         ;
; Assembler            ; DESKTOP-41TP32S  ; Windows 10 ; 10.0       ; x86_64         ;
; Timing Analyzer      ; DESKTOP-41TP32S  ; Windows 10 ; 10.0       ; x86_64         ;
; EDA Netlist Writer   ; DESKTOP-41TP32S  ; Windows 10 ; 10.0       ; x86_64         ;
; EDA Netlist Writer   ; DESKTOP-41TP32S  ; Windows 10 ; 10.0       ; x86_64         ;
; EDA Netlist Writer   ; DESKTOP-41TP32S  ; Windows 10 ; 10.0       ; x86_64         ;
; EDA Netlist Writer   ; DESKTOP-41TP32S  ; Windows 10 ; 10.0       ; x86_64         ;
; EDA Netlist Writer   ; DESKTOP-41TP32S  ; Windows 10 ; 10.0       ; x86_64         ;
+----------------------+------------------+------------+------------+----------------+


------------
; Flow Log ;
------------
quartus_map --read_settings_files=on --write_settings_files=off LabAssignment1 -c LabAssignment1
quartus_fit --read_settings_files=off --write_settings_files=off LabAssignment1 -c LabAssignment1
quartus_asm --read_settings_files=off --write_settings_files=off LabAssignment1 -c LabAssignment1
quartus_sta LabAssignment1 -c LabAssignment1
quartus_eda --gen_testbench --tool=modelsim_oem --format=verilog --write_settings_files=off LabAssignment1 -c LabAssignment1 --vector_source=C:/Users/somenerd/Documents/GitHub/CE210/Waveform.vwf --testbench_file=C:/Users/somenerd/Documents/GitHub/CE210/simulation/qsim/Waveform.vwf.vt
quartus_eda --write_settings_files=off --simulation=on --functional=on --flatten_buses=off --tool=modelsim_oem --format=verilog --output_directory=C:/Users/somenerd/Documents/GitHub/CE210/simulation/qsim/ LabAssignment1 -c LabAssignment1
quartus_eda --gen_testbench --tool=modelsim_oem --format=verilog --write_settings_files=off LabAssignment1 -c LabAssignment1 --vector_source=C:/Users/somenerd/Documents/GitHub/CE210/Waveform.vwf --testbench_file=C:/Users/somenerd/Documents/GitHub/CE210/simulation/qsim/Waveform.vwf.vt
quartus_eda --write_settings_files=off --simulation=on --functional=off --flatten_buses=off --timescale=1ps --tool=modelsim_oem --format=verilog --output_directory=C:/Users/somenerd/Documents/GitHub/CE210/simulation/qsim/ LabAssignment1 -c LabAssignment1
quartus_eda --gen_testbench --tool=modelsim_oem --format=verilog --write_settings_files=off LabAssignment1 -c LabAssignment1 --vector_source=C:/Users/somenerd/Documents/GitHub/CE210/Waveform.vwf --testbench_file=C:/Users/somenerd/Documents/GitHub/CE210/simulation/qsim/Waveform.vwf.vt



